  MFCi3system.cpp
c:\users\jay09\desktop\mfci3system - socket\mfci3system\resource.h : warning C4819: 현재 코드 페이지(949)에서 표시할 수 없는 문자가 파일에 들어 있습니다. 데이터가 손실되지 않게 하려면 해당 파일을 유니코드 형식으로 저장하십시오.
  MFCi3systemDlg.cpp
c:\users\jay09\desktop\mfci3system - socket\mfci3system\resource.h : warning C4819: 현재 코드 페이지(949)에서 표시할 수 없는 문자가 파일에 들어 있습니다. 데이터가 손실되지 않게 하려면 해당 파일을 유니코드 형식으로 저장하십시오.
MFCi3systemDlg.cpp(138): warning C4996: 'inet_addr': Use inet_pton() or InetPton() instead or define _WINSOCK_DEPRECATED_NO_WARNINGS to disable deprecated API warnings
  C:\Program Files (x86)\Windows Kits\10\Include\10.0.15063.0\um\WinSock2.h(1830): note: 'inet_addr' 선언을 참조하십시오.
MFCi3systemDlg.cpp(142): warning C4996: 'WSAAsyncSelect': Use WSAEventSelect() instead or define _WINSOCK_DEPRECATED_NO_WARNINGS to disable deprecated API warnings
  C:\Program Files (x86)\Windows Kits\10\Include\10.0.15063.0\um\WinSock2.h(2679): note: 'WSAAsyncSelect' 선언을 참조하십시오.
MFCi3systemDlg.cpp(334): warning C4996: 'WSAAsyncSelect': Use WSAEventSelect() instead or define _WINSOCK_DEPRECATED_NO_WARNINGS to disable deprecated API warnings
  C:\Program Files (x86)\Windows Kits\10\Include\10.0.15063.0\um\WinSock2.h(2679): note: 'WSAAsyncSelect' 선언을 참조하십시오.
MFCi3systemDlg.cpp(347): warning C4996: 'WSAAsyncSelect': Use WSAEventSelect() instead or define _WINSOCK_DEPRECATED_NO_WARNINGS to disable deprecated API warnings
  C:\Program Files (x86)\Windows Kits\10\Include\10.0.15063.0\um\WinSock2.h(2679): note: 'WSAAsyncSelect' 선언을 참조하십시오.
MFCi3systemDlg.cpp(396): warning C4996: 'WSAAsyncSelect': Use WSAEventSelect() instead or define _WINSOCK_DEPRECATED_NO_WARNINGS to disable deprecated API warnings
  C:\Program Files (x86)\Windows Kits\10\Include\10.0.15063.0\um\WinSock2.h(2679): note: 'WSAAsyncSelect' 선언을 참조하십시오.
LINK : warning LNK4075: '/INCREMENTAL'이(가) '/LTCG' 사양으로 인해 무시됩니다.
stdafx.obj : warning LNK4258: '/entry:WinMainCRTStartup' 지시문은 '/ENTRY:wWinMainCRTStartup' 스위치와 호환되지 않습니다. 무시됩니다.
  코드를 생성하고 있습니다.
  5 of 238 functions ( 2.1%) were compiled, the rest were copied from previous compilation.
    0 functions were new in current compilation
    2 functions had inline decision re-evaluated but remain unchanged
  코드를 생성했습니다.
  MFCi3system.vcxproj -> C:\Users\jay09\Desktop\MFCi3system - socket\Release\MFCi3system.exe
